Flow report for Datapath
Tue Mar 27 16:35:57 2012
Quartus II 32-bit Version 11.1 Build 216 11/23/2011 Service Pack 1 SJ Web Edition


---------------------
; Table of Contents ;
---------------------
  1. Legal Notice
  2. Flow Summary
  3. Flow Settings
  4. Flow Non-Default Global Settings
  5. Flow Elapsed Time
  6. Flow OS Summary
  7. Flow Log



----------------
; Legal Notice ;
----------------
Copyright (C) 1991-2011 Altera Corporation
Your use of Altera Corporation's design tools, logic functions 
and other software and tools, and its AMPP partner logic 
functions, and any output files from any of the foregoing 
(including device programming or simulation files), and any 
associated documentation or information are expressly subject 
to the terms and conditions of the Altera Program License 
Subscription Agreement, Altera MegaCore Function License 
Agreement, or other applicable license agreement, including, 
without limitation, that your use is for the sole purpose of 
programming logic devices manufactured by Altera and sold by 
Altera or its authorized distributors.  Please refer to the 
applicable agreement for further details.



+------------------------------------------------------------------------------------+
; Flow Summary                                                                       ;
+------------------------------------+-----------------------------------------------+
; Flow Status                        ; Successful - Tue Mar 27 16:35:57 2012         ;
; Quartus II 32-bit Version          ; 11.1 Build 216 11/23/2011 SP 1 SJ Web Edition ;
; Revision Name                      ; Datapath                                      ;
; Top-level Entity Name              ; datapath                                      ;
; Family                             ; Cyclone II                                    ;
; Device                             ; EP2C20F484C7                                  ;
; Timing Models                      ; Final                                         ;
; Total logic elements               ; 2,392 / 18,752 ( 13 % )                       ;
;     Total combinational functions  ; 2,376 / 18,752 ( 13 % )                       ;
;     Dedicated logic registers      ; 341 / 18,752 ( 2 % )                          ;
; Total registers                    ; 341                                           ;
; Total pins                         ; 158 / 315 ( 50 % )                            ;
; Total virtual pins                 ; 0                                             ;
; Total memory bits                  ; 0 / 239,616 ( 0 % )                           ;
; Embedded Multiplier 9-bit elements ; 0 / 52 ( 0 % )                                ;
; Total PLLs                         ; 0 / 4 ( 0 % )                                 ;
+------------------------------------+-----------------------------------------------+


+-----------------------------------------+
; Flow Settings                           ;
+-------------------+---------------------+
; Option            ; Setting             ;
+-------------------+---------------------+
; Start date & time ; 03/27/2012 16:34:41 ;
; Main task         ; Compilation         ;
; Revision Name     ; Datapath            ;
+-------------------+---------------------+


+----------------------------------------------------------------------------------------------------------------------------+
; Flow Non-Default Global Settings                                                                                           ;
+-------------------------------------+---------------------------------------+---------------+-------------+----------------+
; Assignment Name                     ; Value                                 ; Default Value ; Entity Name ; Section Id     ;
+-------------------------------------+---------------------------------------+---------------+-------------+----------------+
; COMPILER_SIGNATURE_ID               ; 132920657359246.133288408002328       ; --            ; --          ; --             ;
; EDA_OUTPUT_DATA_FORMAT              ; Vhdl                                  ; --            ; --          ; eda_simulation ;
; EDA_RUN_TOOL_AUTOMATICALLY          ; On                                    ; --            ; --          ; eda_simulation ;
; EDA_SIMULATION_RUN_SCRIPT           ; datapath_test.do                      ; --            ; --          ; eda_simulation ;
; EDA_SIMULATION_TOOL                 ; ModelSim-Altera (VHDL)                ; <None>        ; --          ; --             ;
; EDA_TEST_BENCH_ENABLE_STATUS        ; COMMAND_MACRO_MODE                    ; --            ; --          ; eda_simulation ;
; IP_TOOL_NAME                        ; LPM_MUX                               ; --            ; --          ; --             ;
; IP_TOOL_NAME                        ; LPM_MUX                               ; --            ; --          ; --             ;
; IP_TOOL_NAME                        ; LPM_MUX                               ; --            ; --          ; --             ;
; IP_TOOL_NAME                        ; LPM_MUX                               ; --            ; --          ; --             ;
; IP_TOOL_VERSION                     ; 11.1                                  ; --            ; --          ; --             ;
; IP_TOOL_VERSION                     ; 11.1                                  ; --            ; --          ; --             ;
; IP_TOOL_VERSION                     ; 11.1                                  ; --            ; --          ; --             ;
; IP_TOOL_VERSION                     ; 11.1                                  ; --            ; --          ; --             ;
; MAX_CORE_JUNCTION_TEMP              ; 85                                    ; --            ; --          ; --             ;
; MIN_CORE_JUNCTION_TEMP              ; 0                                     ; --            ; --          ; --             ;
; MISC_FILE                           ; MuxA.bsf                              ; --            ; --          ; --             ;
; MISC_FILE                           ; MuxA.cmp                              ; --            ; --          ; --             ;
; MISC_FILE                           ; MuxB.bsf                              ; --            ; --          ; --             ;
; MISC_FILE                           ; MuxB.cmp                              ; --            ; --          ; --             ;
; MISC_FILE                           ; MuxC.bsf                              ; --            ; --          ; --             ;
; MISC_FILE                           ; MuxC.cmp                              ; --            ; --          ; --             ;
; MISC_FILE                           ; MuxTest.bsf                           ; --            ; --          ; --             ;
; MISC_FILE                           ; MuxTest.cmp                           ; --            ; --          ; --             ;
; PARTITION_COLOR                     ; 16764057                              ; --            ; --          ; Top            ;
; PARTITION_FITTER_PRESERVATION_LEVEL ; PLACEMENT_AND_ROUTING                 ; --            ; --          ; Top            ;
; PARTITION_NETLIST_TYPE              ; SOURCE                                ; --            ; --          ; Top            ;
; POWER_BOARD_THERMAL_MODEL           ; None (CONSERVATIVE)                   ; --            ; --          ; --             ;
; POWER_PRESET_COOLING_SOLUTION       ; 23 MM HEAT SINK WITH 200 LFPM AIRFLOW ; --            ; --          ; --             ;
; VHDL_INPUT_VERSION                  ; VHDL_2008                             ; VHDL_1993     ; --          ; --             ;
; VHDL_SHOW_LMF_MAPPING_MESSAGES      ; Off                                   ; --            ; --          ; --             ;
+-------------------------------------+---------------------------------------+---------------+-------------+----------------+


+-------------------------------------------------------------------------------------------------------------------------------+
; Flow Elapsed Time                                                                                                             ;
+---------------------------+--------------+-------------------------+---------------------+------------------------------------+
; Module Name               ; Elapsed Time ; Average Processors Used ; Peak Virtual Memory ; Total CPU Time (on all processors) ;
+---------------------------+--------------+-------------------------+---------------------+------------------------------------+
; Analysis & Synthesis      ; 00:00:28     ; 1.0                     ; 356 MB              ; 00:00:26                           ;
; Fitter                    ; 00:00:18     ; 1.0                     ; 378 MB              ; 00:00:17                           ;
; Assembler                 ; 00:00:04     ; 1.0                     ; 310 MB              ; 00:00:03                           ;
; TimeQuest Timing Analyzer ; 00:00:22     ; 1.0                     ; 399 MB              ; 00:00:20                           ;
; EDA Netlist Writer        ; 00:00:04     ; 1.0                     ; 278 MB              ; 00:00:04                           ;
; Total                     ; 00:01:16     ; --                      ; --                  ; 00:01:10                           ;
+---------------------------+--------------+-------------------------+---------------------+------------------------------------+


+----------------------------------------------------------------------------------------+
; Flow OS Summary                                                                        ;
+---------------------------+------------------+-----------+------------+----------------+
; Module Name               ; Machine Hostname ; OS Name   ; OS Version ; Processor type ;
+---------------------------+------------------+-----------+------------+----------------+
; Analysis & Synthesis      ; Mitchell-PC      ; Windows 7 ; 6.1        ; x86_64         ;
; Fitter                    ; Mitchell-PC      ; Windows 7 ; 6.1        ; x86_64         ;
; Assembler                 ; Mitchell-PC      ; Windows 7 ; 6.1        ; x86_64         ;
; TimeQuest Timing Analyzer ; Mitchell-PC      ; Windows 7 ; 6.1        ; x86_64         ;
; EDA Netlist Writer        ; Mitchell-PC      ; Windows 7 ; 6.1        ; x86_64         ;
+---------------------------+------------------+-----------+------------+----------------+


------------
; Flow Log ;
------------
quartus_map --read_settings_files=on --write_settings_files=off Datapath -c Datapath
quartus_fit --read_settings_files=off --write_settings_files=off Datapath -c Datapath
quartus_asm --read_settings_files=off --write_settings_files=off Datapath -c Datapath
quartus_sta Datapath -c Datapath
quartus_eda --read_settings_files=off --write_settings_files=off Datapath -c Datapath



